Using pre-set license

 COMMAND LINE ARGUMENTS:
/Applications/Unity/Unity.app/Contents/MacOS/Unity
-adb2
-batchMode
-noUpm
-name
AssetImportWorker0
-projectPath
/Users/kiracorbett/Documents/GitHub/playbook/Playbook Demo
-logFile
Logs/AssetImportWorker0.log
-srvPort
62681
Successfully changed project path to: /Users/kiracorbett/Documents/GitHub/playbook/Playbook Demo
/Users/kiracorbett/Documents/GitHub/playbook/Playbook Demo
Using Asset Import Pipeline V2.
Refreshing native plugins compatible for Editor in 33.76 ms, found 1 plugins.
Preloading 0 native plugins for Editor in 0.00 ms.
Initialize engine version: 2020.3.8f1 (507919d4fff5)
[Subsystems] Discovering subsystems at path /Applications/Unity/Unity.app/Contents/Resources/UnitySubsystems
[Subsystems] Discovering subsystems at path /Users/kiracorbett/Documents/GitHub/playbook/Playbook Demo/Assets
GfxDevice: creating device client; threaded=0
2022-12-06 08:32:46.085 Unity[63064:1172178] Color LCD preferred device: NVIDIA GeForce GT 650M (high power)
2022-12-06 08:32:46.085 Unity[63064:1172178] Metal devices available: 2
2022-12-06 08:32:46.085 Unity[63064:1172178] 0: NVIDIA GeForce GT 650M (high power)
2022-12-06 08:32:46.085 Unity[63064:1172178] 1: Intel HD Graphics 4000 (low power)
2022-12-06 08:32:46.086 Unity[63064:1172178] Using device NVIDIA GeForce GT 650M (high power)
Initializing Metal device caps: NVIDIA GeForce GT 650M
Initialize mono
Mono path[0] = '/Applications/Unity/Unity.app/Contents/Managed'
Mono path[1] = '/Applications/Unity/Unity.app/Contents/MonoBleedingEdge/lib/mono/unityjit'
Mono config path = '/Applications/Unity/Unity.app/Contents/MonoBleedingEdge/etc'
Using monoOptions --debugger-agent=transport=dt_socket,embedding=1,server=y,suspend=n,address=127.0.0.1:56064
Begin MonoManager ReloadAssembly
Registering precompiled unity dll's ...
Register platform support module: /Applications/Unity/Unity.app/Contents/PlaybackEngines/MacStandaloneSupport/UnityEditor.OSXStandalone.Extensions.dll
Registered in 0.002584 seconds.
Native extension for OSXStandalone target not found
Refreshing native plugins compatible for Editor in 34.83 ms, found 1 plugins.
Preloading 0 native plugins for Editor in 0.00 ms.
Mono: successfully reloaded assembly
- Completed reload, in  2.829 seconds
Platform modules already initialized, skipping
Registering precompiled user dll's ...
Registered in 0.000847 seconds.
Begin MonoManager ReloadAssembly
Native extension for OSXStandalone target not found
Refreshing native plugins compatible for Editor in 0.29 ms, found 1 plugins.
Preloading 0 native plugins for Editor in 0.00 ms.
Mono: successfully reloaded assembly
- Completed reload, in  1.476 seconds
Platform modules already initialized, skipping
========================================================================
Worker process is ready to serve import requests
Launching external process: /Applications/Unity/Unity.app/Contents/Tools/UnityShaderCompiler
Launched and connected shader compiler UnityShaderCompiler after 0.02 seconds
Refreshing native plugins compatible for Editor in 0.27 ms, found 1 plugins.
Preloading 0 native plugins for Editor in 0.00 ms.
Unloading 1119 Unused Serialized files (Serialized files now loaded: 0)
System memory in use before: 109.7 MB.
System memory in use after: 109.7 MB.

Unloading 10 unused Assets to reduce memory usage. Loaded Objects now: 1562.
Total: 2.163979 ms (FindLiveObjects: 0.181818 ms CreateObjectMapping: 0.052921 ms MarkObjects: 1.817685 ms  DeleteObjects: 0.110183 ms)

========================================================================
Received Import Request.
  path: Assets/Scripts/Buttons.cs
  artifactKey: Guid(4005bc549c810414680e6d359651626c) Importer(815301076,1909f56bfc062723c751e8b465ee728b)
Start importing Assets/Scripts/Buttons.cs using Guid(4005bc549c810414680e6d359651626c) Importer(815301076,1909f56bfc062723c751e8b465ee728b)  -> (artifact id: 'dfdc45077b54b9da1d2893e680588b38') in 0.340983 seconds
  Import took 0.344031 seconds .

========================================================================
Received Import Request.
  Time since last request: 17.619764 seconds.
  path: Assets/Scenes/Demo.unity
  artifactKey: Guid(9fc0d4010bbf28b4594072e72b8655ab) Importer(815301076,1909f56bfc062723c751e8b465ee728b)
Start importing Assets/Scenes/Demo.unity using Guid(9fc0d4010bbf28b4594072e72b8655ab) Importer(815301076,1909f56bfc062723c751e8b465ee728b)  -> (artifact id: '2d637ff62e3415c094942a8d3e09e37c') in 0.014793 seconds
  Import took 0.017818 seconds .

========================================================================
Received Prepare
Registering precompiled user dll's ...
Registered in 0.002226 seconds.
Begin MonoManager ReloadAssembly
Native extension for OSXStandalone target not found
Refreshing native plugins compatible for Editor in 0.29 ms, found 1 plugins.
Preloading 0 native plugins for Editor in 0.00 ms.
Mono: successfully reloaded assembly
- Completed reload, in  1.599 seconds
Platform modules already initialized, skipping
Refreshing native plugins compatible for Editor in 0.29 ms, found 1 plugins.
Preloading 0 native plugins for Editor in 0.00 ms.
Unloading 1114 Unused Serialized files (Serialized files now loaded: 0)
System memory in use before: 114.1 MB.
System memory in use after: 114.2 MB.

Unloading 5 unused Assets to reduce memory usage. Loaded Objects now: 1565.
Total: 2.513837 ms (FindLiveObjects: 0.350351 ms CreateObjectMapping: 0.126187 ms MarkObjects: 1.911243 ms  DeleteObjects: 0.124296 ms)

========================================================================
Received Prepare
Registering precompiled user dll's ...
Registered in 0.000801 seconds.
Begin MonoManager ReloadAssembly
Native extension for OSXStandalone target not found
Refreshing native plugins compatible for Editor in 0.28 ms, found 1 plugins.
Preloading 0 native plugins for Editor in 0.00 ms.
Mono: successfully reloaded assembly
- Completed reload, in  1.375 seconds
Platform modules already initialized, skipping
Refreshing native plugins compatible for Editor in 0.28 ms, found 1 plugins.
Preloading 0 native plugins for Editor in 0.00 ms.
Unloading 1114 Unused Serialized files (Serialized files now loaded: 0)
System memory in use before: 114.3 MB.
System memory in use after: 114.4 MB.

Unloading 5 unused Assets to reduce memory usage. Loaded Objects now: 1568.
Total: 2.001436 ms (FindLiveObjects: 0.165216 ms CreateObjectMapping: 0.050366 ms MarkObjects: 1.704654 ms  DeleteObjects: 0.079850 ms)

========================================================================
Received Prepare
Refreshing native plugins compatible for Editor in 1.41 ms, found 1 plugins.
Preloading 0 native plugins for Editor in 0.00 ms.
Unloading 3 Unused Serialized files (Serialized files now loaded: 0)
System memory in use before: 92.3 MB.
System memory in use after: 92.4 MB.

Unloading 3 unused Assets to reduce memory usage. Loaded Objects now: 1568.
Total: 3.250797 ms (FindLiveObjects: 0.159357 ms CreateObjectMapping: 0.050705 ms MarkObjects: 2.965548 ms  DeleteObjects: 0.073904 ms)

